
Invoking autoreconf in build directory: /home/liu/workspace/Data Structure/

sh -c "autoreconf -i" 
sh: 1: autoreconf: not found

Configuration failed with error
Build stopped
()15:06:46 **** Build of configuration Build (GNU) for project Data Structure ****
make LinkList 
make: *** No rule to make target 'LinkList'。 停止。

Invoking autoreconf in build directory: /home/liu/workspace/Data Structure/

sh -c "autoreconf -i" 
sh: 1: autoreconf: not found

Configuration failed with error
Build stopped
()15:09:08 **** Incremental Build of configuration Build (GNU) for project Data Structure ****
make all 
make: *** No rule to make target 'all'。 停止。
15:09:09 **** Build of configuration Debug for project Helloworld ****
make all 
Building file: ../src/Helloworld.c
Invoking: GCC C Compiler
gcc -O0 -g3 -Wall -c -fmessage-length=0 -MMD -MP -MF"src/Helloworld.d" -MT"src/Helloworld.o" -o "src/Helloworld.o" "../src/Helloworld.c"
Finished building: ../src/Helloworld.c
 
Building target: Helloworld
Invoking: GCC C Linker
gcc  -o "Helloworld"  ./src/Helloworld.o   
Finished building target: Helloworld
 
10:50:45 **** Build of configuration Default for project TEST ****
make all 
make: *** No rule to make target 'all'。 停止。
